<?xml version="1.0" encoding="UTF-8"?>
<!-- Generated by org.testng.reporters.JUnitReportReporter -->
<testsuite hostname="DESKTOP-IJBRCTE" failures="0" tests="3" name="Tfar.tests.ProductsPageTests" time="43.353" errors="0" timestamp="2025-01-31T01:11:03 PST" skipped="0">
  <testcase classname="Tfar.tests.ProductsPageTests" name="LogoutTest" time="21.421"/>
  <testcase classname="Tfar.tests.ProductsPageTests" name="ProductDisplay" time="9.704"/>
  <testcase classname="Tfar.tests.ProductsPageTests" name="addToCart" time="12.228"/>
</testsuite> <!-- Tfar.tests.ProductsPageTests -->
