<?xml version="1.0" encoding="UTF-8"?>
<!-- Generated by org.testng.reporters.JUnitReportReporter -->
<testsuite hostname="DESKTOP-IJBRCTE" failures="0" tests="3" name="Tfar.tests.CartPageTests" time="42.974" errors="0" timestamp="2025-01-31T01:11:03 PST" skipped="0">
  <testcase classname="Tfar.tests.CartPageTests" name="testJsonData" time="11.495"/>
  <testcase classname="Tfar.tests.CartPageTests" name="testJsonData" time="12.266"/>
  <testcase classname="Tfar.tests.CartPageTests" name="testJsonData" time="19.213"/>
</testsuite> <!-- Tfar.tests.CartPageTests -->
