<?xml version="1.0" encoding="UTF-8"?>
<!-- Generated by org.testng.reporters.JUnitReportReporter -->
<testsuite hostname="DESKTOP-IJBRCTE" failures="0" tests="3" name="Tfar.tests.LoginPageTests" time="46.397" errors="0" timestamp="2025-01-31T01:11:03 PST" skipped="0">
  <testcase classname="Tfar.tests.LoginPageTests" name="LoginTest" time="15.017"/>
  <testcase classname="Tfar.tests.LoginPageTests" name="LoginTestInValidCredentials" time="24.081"/>
  <testcase classname="Tfar.tests.LoginPageTests" name="LoginTestLockedOutUser" time="7.299"/>
</testsuite> <!-- Tfar.tests.LoginPageTests -->
